{"/home/gabriel/Documents/ingsoft3-tp01/app/frontend/src/pages/Login.tsx": {"path":"/home/gabriel/Documents/ingsoft3-tp01/app/frontend/src/pages/Login.tsx","statementMap":{"0":{"start":{"line":8,"column":28},"end":{"line":8,"column":null}},"1":{"start":{"line":9,"column":34},"end":{"line":9,"column":null}},"2":{"start":{"line":10,"column":28},"end":{"line":10,"column":null}},"3":{"start":{"line":11,"column":32},"end":{"line":11,"column":null}},"4":{"start":{"line":12,"column":20},"end":{"line":12,"column":28}},"5":{"start":{"line":13,"column":19},"end":{"line":13,"column":31}},"6":{"start":{"line":16,"column":23},"end":{"line":30,"column":null}},"7":{"start":{"line":17,"column":4},"end":{"line":17,"column":null}},"8":{"start":{"line":18,"column":4},"end":{"line":18,"column":null}},"9":{"start":{"line":19,"column":4},"end":{"line":19,"column":null}},"10":{"start":{"line":20,"column":4},"end":{"line":29,"column":null}},"11":{"start":{"line":21,"column":19},"end":{"line":21,"column":null}},"12":{"start":{"line":22,"column":6},"end":{"line":22,"column":null}},"13":{"start":{"line":23,"column":6},"end":{"line":23,"column":null}},"14":{"start":{"line":25,"column":16},"end":{"line":25,"column":null}},"15":{"start":{"line":26,"column":6},"end":{"line":26,"column":null}},"16":{"start":{"line":28,"column":6},"end":{"line":28,"column":null}},"17":{"start":{"line":32,"column":2},"end":{"line":70,"column":null}},"18":{"start":{"line":49,"column":43},"end":{"line":49,"column":69}},"19":{"start":{"line":54,"column":46},"end":{"line":54,"column":75}}},"fnMap":{"0":{"name":"Login","decl":{"start":{"line":7,"column":24},"end":{"line":7,"column":32}},"loc":{"start":{"line":7,"column":32},"end":{"line":72,"column":null}},"line":7},"1":{"name":"(anonymous_1)","decl":{"start":{"line":16,"column":23},"end":{"line":16,"column":30}},"loc":{"start":{"line":16,"column":53},"end":{"line":30,"column":null}},"line":16},"2":{"name":"(anonymous_2)","decl":{"start":{"line":49,"column":28},"end":{"line":49,"column":38}},"loc":{"start":{"line":49,"column":43},"end":{"line":49,"column":69}},"line":49},"3":{"name":"(anonymous_3)","decl":{"start":{"line":54,"column":31},"end":{"line":54,"column":41}},"loc":{"start":{"line":54,"column":46},"end":{"line":54,"column":75}},"line":54}},"branchMap":{"0":{"loc":{"start":{"line":26,"column":15},"end":{"line":26,"column":67}},"type":"binary-expr","locations":[{"start":{"line":26,"column":15},"end":{"line":26,"column":42}},{"start":{"line":26,"column":42},"end":{"line":26,"column":67}}],"line":26},"1":{"loc":{"start":{"line":43,"column":9},"end":{"line":43,"column":null}},"type":"binary-expr","locations":[{"start":{"line":43,"column":9},"end":{"line":43,"column":18}},{"start":{"line":43,"column":18},"end":{"line":43,"column":null}}],"line":43},"2":{"loc":{"start":{"line":57,"column":22},"end":{"line":57,"column":null}},"type":"binary-expr","locations":[{"start":{"line":57,"column":22},"end":{"line":57,"column":33}},{"start":{"line":57,"column":33},"end":{"line":57,"column":43}},{"start":{"line":57,"column":43},"end":{"line":57,"column":null}}],"line":57},"3":{"loc":{"start":{"line":58,"column":13},"end":{"line":58,"column":null}},"type":"cond-expr","locations":[{"start":{"line":58,"column":23},"end":{"line":58,"column":41}},{"start":{"line":58,"column":41},"end":{"line":58,"column":null}}],"line":58}},"s":{"0":84,"1":84,"2":84,"3":84,"4":84,"5":84,"6":84,"7":0,"8":0,"9":0,"10":0,"11":0,"12":0,"13":0,"14":0,"15":0,"16":0,"17":84,"18":48,"19":30},"f":{"0":84,"1":0,"2":48,"3":30},"b":{"0":[0,0],"1":[84,0],"2":[84,84,68],"3":[0,84]},"meta":{"lastBranch":4,"lastFunction":4,"lastStatement":20,"seen":{"f:7:24:7:32":0,"s:8:28:8:Infinity":0,"s:9:34:9:Infinity":1,"s:10:28:10:Infinity":2,"s:11:32:11:Infinity":3,"s:12:20:12:28":4,"s:13:19:13:31":5,"s:16:23:30:Infinity":6,"f:16:23:16:30":1,"s:17:4:17:Infinity":7,"s:18:4:18:Infinity":8,"s:19:4:19:Infinity":9,"s:20:4:29:Infinity":10,"s:21:19:21:Infinity":11,"s:22:6:22:Infinity":12,"s:23:6:23:Infinity":13,"s:25:16:25:Infinity":14,"s:26:6:26:Infinity":15,"b:26:15:26:42:26:42:26:67":0,"s:28:6:28:Infinity":16,"s:32:2:70:Infinity":17,"b:43:9:43:18:43:18:43:Infinity":1,"f:49:28:49:38":2,"s:49:43:49:69":18,"f:54:31:54:41":3,"s:54:46:54:75":19,"b:57:22:57:33:57:33:57:43:57:43:57:Infinity":2,"b:58:23:58:41:58:41:58:Infinity":3},"fnNames":{}}}
,"/home/gabriel/Documents/ingsoft3-tp01/app/frontend/src/pages/client/BookingCalendar.tsx": {"path":"/home/gabriel/Documents/ingsoft3-tp01/app/frontend/src/pages/client/BookingCalendar.tsx","statementMap":{"0":{"start":{"line":15,"column":16},"end":{"line":15,"column":null}},"1":{"start":{"line":16,"column":14},"end":{"line":16,"column":null}},"2":{"start":{"line":17,"column":23},"end":{"line":17,"column":null}},"3":{"start":{"line":18,"column":10},"end":{"line":18,"column":null}},"4":{"start":{"line":19,"column":2},"end":{"line":23,"column":null}},"5":{"start":{"line":20,"column":4},"end":{"line":20,"column":null}},"6":{"start":{"line":21,"column":4},"end":{"line":21,"column":null}},"7":{"start":{"line":22,"column":4},"end":{"line":22,"column":null}},"8":{"start":{"line":22,"column":26},"end":{"line":22,"column":null}},"9":{"start":{"line":24,"column":2},"end":{"line":24,"column":null}},"10":{"start":{"line":27,"column":6},"end":{"line":28,"column":null}},"11":{"start":{"line":28,"column":2},"end":{"line":28,"column":null}},"12":{"start":{"line":32,"column":30},"end":{"line":32,"column":null}},"13":{"start":{"line":33,"column":32},"end":{"line":33,"column":null}},"14":{"start":{"line":34,"column":28},"end":{"line":34,"column":null}},"15":{"start":{"line":35,"column":42},"end":{"line":35,"column":null}},"16":{"start":{"line":36,"column":28},"end":{"line":36,"column":null}},"17":{"start":{"line":37,"column":42},"end":{"line":37,"column":null}},"18":{"start":{"line":38,"column":34},"end":{"line":38,"column":null}},"19":{"start":{"line":39,"column":44},"end":{"line":39,"column":null}},"20":{"start":{"line":40,"column":42},"end":{"line":40,"column":null}},"21":{"start":{"line":41,"column":38},"end":{"line":41,"column":null}},"22":{"start":{"line":42,"column":32},"end":{"line":42,"column":null}},"23":{"start":{"line":43,"column":28},"end":{"line":43,"column":null}},"24":{"start":{"line":45,"column":2},"end":{"line":50,"column":null}},"25":{"start":{"line":46,"column":4},"end":{"line":49,"column":null}},"26":{"start":{"line":47,"column":6},"end":{"line":47,"column":null}},"27":{"start":{"line":48,"column":6},"end":{"line":48,"column":null}},"28":{"start":{"line":48,"column":27},"end":{"line":48,"column":null}},"29":{"start":{"line":49,"column":21},"end":{"line":49,"column":44}},"30":{"start":{"line":52,"column":2},"end":{"line":59,"column":null}},"31":{"start":{"line":53,"column":4},"end":{"line":53,"column":null}},"32":{"start":{"line":53,"column":35},"end":{"line":53,"column":null}},"33":{"start":{"line":54,"column":4},"end":{"line":54,"column":null}},"34":{"start":{"line":55,"column":4},"end":{"line":55,"column":null}},"35":{"start":{"line":56,"column":4},"end":{"line":58,"column":null}},"36":{"start":{"line":57,"column":34},"end":{"line":57,"column":46}},"37":{"start":{"line":58,"column":21},"end":{"line":58,"column":43}},"38":{"start":{"line":62,"column":23},"end":{"line":75,"column":null}},"39":{"start":{"line":63,"column":4},"end":{"line":63,"column":null}},"40":{"start":{"line":63,"column":55},"end":{"line":63,"column":null}},"41":{"start":{"line":64,"column":4},"end":{"line":64,"column":25}},"42":{"start":{"line":64,"column":25},"end":{"line":64,"column":null}},"43":{"start":{"line":65,"column":4},"end":{"line":74,"column":null}},"44":{"start":{"line":66,"column":6},"end":{"line":66,"column":null}},"45":{"start":{"line":67,"column":6},"end":{"line":67,"column":null}},"46":{"start":{"line":68,"column":6},"end":{"line":68,"column":29}},"47":{"start":{"line":68,"column":29},"end":{"line":68,"column":52}},"48":{"start":{"line":68,"column":52},"end":{"line":68,"column":69}},"49":{"start":{"line":68,"column":69},"end":{"line":68,"column":null}},"50":{"start":{"line":70,"column":16},"end":{"line":70,"column":null}},"51":{"start":{"line":71,"column":6},"end":{"line":71,"column":null}},"52":{"start":{"line":73,"column":6},"end":{"line":73,"column":null}},"53":{"start":{"line":77,"column":15},"end":{"line":77,"column":null}},"54":{"start":{"line":78,"column":16},"end":{"line":78,"column":null}},"55":{"start":{"line":79,"column":20},"end":{"line":79,"column":null}},"56":{"start":{"line":81,"column":2},"end":{"line":82,"column":null}},"57":{"start":{"line":81,"column":21},"end":{"line":82,"column":null}},"58":{"start":{"line":85,"column":2},"end":{"line":225,"column":null}},"59":{"start":{"line":106,"column":35},"end":{"line":106,"column":63}},"60":{"start":{"line":106,"column":63},"end":{"line":106,"column":86}},"61":{"start":{"line":106,"column":86},"end":{"line":106,"column":100}},"62":{"start":{"line":108,"column":20},"end":{"line":110,"column":null}},"63":{"start":{"line":119,"column":33},"end":{"line":119,"column":78}},"64":{"start":{"line":119,"column":47},"end":{"line":119,"column":75}},"65":{"start":{"line":122,"column":33},"end":{"line":122,"column":75}},"66":{"start":{"line":122,"column":47},"end":{"line":122,"column":72}},"67":{"start":{"line":126,"column":36},"end":{"line":126,"column":83}},"68":{"start":{"line":128,"column":35},"end":{"line":128,"column":null}},"69":{"start":{"line":130,"column":31},"end":{"line":130,"column":null}},"70":{"start":{"line":131,"column":30},"end":{"line":131,"column":null}},"71":{"start":{"line":132,"column":35},"end":{"line":132,"column":null}},"72":{"start":{"line":134,"column":28},"end":{"line":134,"column":null}},"73":{"start":{"line":135,"column":18},"end":{"line":138,"column":null}},"74":{"start":{"line":135,"column":32},"end":{"line":135,"column":null}},"75":{"start":{"line":136,"column":23},"end":{"line":138,"column":null}},"76":{"start":{"line":136,"column":33},"end":{"line":136,"column":null}},"77":{"start":{"line":137,"column":23},"end":{"line":138,"column":null}},"78":{"start":{"line":137,"column":32},"end":{"line":137,"column":null}},"79":{"start":{"line":138,"column":23},"end":{"line":138,"column":null}},"80":{"start":{"line":138,"column":37},"end":{"line":138,"column":null}},"81":{"start":{"line":140,"column":18},"end":{"line":145,"column":null}},"82":{"start":{"line":143,"column":37},"end":{"line":143,"column":null}},"83":{"start":{"line":177,"column":36},"end":{"line":177,"column":null}},"84":{"start":{"line":178,"column":22},"end":{"line":186,"column":null}},"85":{"start":{"line":181,"column":41},"end":{"line":181,"column":null}},"86":{"start":{"line":211,"column":52},"end":{"line":211,"column":81}}},"fnMap":{"0":{"name":"buildCalendar","decl":{"start":{"line":14,"column":9},"end":{"line":14,"column":23}},"loc":{"start":{"line":14,"column":44},"end":{"line":25,"column":null}},"line":14},"1":{"name":"(anonymous_1)","decl":{"start":{"line":27,"column":6},"end":{"line":27,"column":17}},"loc":{"start":{"line":28,"column":2},"end":{"line":28,"column":null}},"line":28},"2":{"name":"BookingCalendar","decl":{"start":{"line":31,"column":24},"end":{"line":31,"column":42}},"loc":{"start":{"line":31,"column":42},"end":{"line":227,"column":null}},"line":31},"3":{"name":"(anonymous_3)","decl":{"start":{"line":45,"column":2},"end":{"line":45,"column":18}},"loc":{"start":{"line":45,"column":18},"end":{"line":50,"column":5}},"line":45},"4":{"name":"(anonymous_4)","decl":{"start":{"line":46,"column":16},"end":{"line":46,"column":21}},"loc":{"start":{"line":46,"column":29},"end":{"line":49,"column":5}},"line":46},"5":{"name":"(anonymous_5)","decl":{"start":{"line":49,"column":7},"end":{"line":49,"column":21}},"loc":{"start":{"line":49,"column":21},"end":{"line":49,"column":44}},"line":49},"6":{"name":"(anonymous_6)","decl":{"start":{"line":52,"column":2},"end":{"line":52,"column":18}},"loc":{"start":{"line":52,"column":18},"end":{"line":59,"column":5}},"line":52},"7":{"name":"(anonymous_7)","decl":{"start":{"line":57,"column":22},"end":{"line":57,"column":34}},"loc":{"start":{"line":57,"column":34},"end":{"line":57,"column":46}},"line":57},"8":{"name":"(anonymous_8)","decl":{"start":{"line":58,"column":7},"end":{"line":58,"column":21}},"loc":{"start":{"line":58,"column":21},"end":{"line":58,"column":43}},"line":58},"9":{"name":"(anonymous_9)","decl":{"start":{"line":62,"column":23},"end":{"line":62,"column":35}},"loc":{"start":{"line":62,"column":35},"end":{"line":75,"column":null}},"line":62},"10":{"name":"(anonymous_10)","decl":{"start":{"line":106,"column":18},"end":{"line":106,"column":28}},"loc":{"start":{"line":106,"column":33},"end":{"line":106,"column":null}},"line":106},"11":{"name":"(anonymous_11)","decl":{"start":{"line":107,"column":26},"end":{"line":107,"column":30}},"loc":{"start":{"line":108,"column":20},"end":{"line":110,"column":null}},"line":108},"12":{"name":"(anonymous_12)","decl":{"start":{"line":119,"column":18},"end":{"line":119,"column":33}},"loc":{"start":{"line":119,"column":33},"end":{"line":119,"column":78}},"line":119},"13":{"name":"(anonymous_13)","decl":{"start":{"line":119,"column":33},"end":{"line":119,"column":42}},"loc":{"start":{"line":119,"column":47},"end":{"line":119,"column":75}},"line":119},"14":{"name":"(anonymous_14)","decl":{"start":{"line":122,"column":18},"end":{"line":122,"column":33}},"loc":{"start":{"line":122,"column":33},"end":{"line":122,"column":75}},"line":122},"15":{"name":"(anonymous_15)","decl":{"start":{"line":122,"column":33},"end":{"line":122,"column":42}},"loc":{"start":{"line":122,"column":47},"end":{"line":122,"column":72}},"line":122},"16":{"name":"(anonymous_16)","decl":{"start":{"line":126,"column":27},"end":{"line":126,"column":31}},"loc":{"start":{"line":126,"column":36},"end":{"line":126,"column":83}},"line":126},"17":{"name":"(anonymous_17)","decl":{"start":{"line":127,"column":22},"end":{"line":127,"column":27}},"loc":{"start":{"line":127,"column":36},"end":{"line":147,"column":17}},"line":127},"18":{"name":"(anonymous_18)","decl":{"start":{"line":143,"column":22},"end":{"line":143,"column":37}},"loc":{"start":{"line":143,"column":37},"end":{"line":143,"column":null}},"line":143},"19":{"name":"(anonymous_19)","decl":{"start":{"line":176,"column":27},"end":{"line":176,"column":32}},"loc":{"start":{"line":176,"column":41},"end":{"line":188,"column":21}},"line":176},"20":{"name":"(anonymous_20)","decl":{"start":{"line":181,"column":26},"end":{"line":181,"column":41}},"loc":{"start":{"line":181,"column":41},"end":{"line":181,"column":null}},"line":181},"21":{"name":"(anonymous_21)","decl":{"start":{"line":211,"column":37},"end":{"line":211,"column":47}},"loc":{"start":{"line":211,"column":52},"end":{"line":211,"column":81}},"line":211}},"branchMap":{"0":{"loc":{"start":{"line":19,"column":9},"end":{"line":19,"column":44}},"type":"binary-expr","locations":[{"start":{"line":19,"column":9},"end":{"line":19,"column":21}},{"start":{"line":19,"column":21},"end":{"line":19,"column":44}}],"line":19},"1":{"loc":{"start":{"line":22,"column":4},"end":{"line":22,"column":null}},"type":"if","locations":[{"start":{"line":22,"column":4},"end":{"line":22,"column":null}},{"start":{},"end":{}}],"line":22},"2":{"loc":{"start":{"line":48,"column":6},"end":{"line":48,"column":null}},"type":"if","locations":[{"start":{"line":48,"column":6},"end":{"line":48,"column":null}},{"start":{},"end":{}}],"line":48},"3":{"loc":{"start":{"line":53,"column":4},"end":{"line":53,"column":null}},"type":"if","locations":[{"start":{"line":53,"column":4},"end":{"line":53,"column":null}},{"start":{},"end":{}}],"line":53},"4":{"loc":{"start":{"line":53,"column":8},"end":{"line":53,"column":35}},"type":"binary-expr","locations":[{"start":{"line":53,"column":8},"end":{"line":53,"column":25}},{"start":{"line":53,"column":25},"end":{"line":53,"column":35}}],"line":53},"5":{"loc":{"start":{"line":63,"column":4},"end":{"line":63,"column":null}},"type":"if","locations":[{"start":{"line":63,"column":4},"end":{"line":63,"column":null}},{"start":{},"end":{}}],"line":63},"6":{"loc":{"start":{"line":63,"column":8},"end":{"line":63,"column":55}},"type":"binary-expr","locations":[{"start":{"line":63,"column":8},"end":{"line":63,"column":25}},{"start":{"line":63,"column":25},"end":{"line":63,"column":45}},{"start":{"line":63,"column":45},"end":{"line":63,"column":55}}],"line":63},"7":{"loc":{"start":{"line":71,"column":15},"end":{"line":71,"column":69}},"type":"binary-expr","locations":[{"start":{"line":71,"column":15},"end":{"line":71,"column":42}},{"start":{"line":71,"column":42},"end":{"line":71,"column":69}}],"line":71},"8":{"loc":{"start":{"line":81,"column":2},"end":{"line":82,"column":null}},"type":"if","locations":[{"start":{"line":81,"column":2},"end":{"line":82,"column":null}},{"start":{},"end":{}}],"line":81},"9":{"loc":{"start":{"line":94,"column":9},"end":{"line":94,"column":null}},"type":"binary-expr","locations":[{"start":{"line":94,"column":9},"end":{"line":94,"column":20}},{"start":{"line":94,"column":20},"end":{"line":94,"column":null}}],"line":94},"10":{"loc":{"start":{"line":95,"column":9},"end":{"line":95,"column":null}},"type":"binary-expr","locations":[{"start":{"line":95,"column":9},"end":{"line":95,"column":18}},{"start":{"line":95,"column":18},"end":{"line":95,"column":null}}],"line":95},"11":{"loc":{"start":{"line":102,"column":15},"end":{"line":114,"column":null}},"type":"cond-expr","locations":[{"start":{"line":103,"column":16},"end":{"line":105,"column":17}},{"start":{"line":105,"column":16},"end":{"line":114,"column":null}}],"line":102},"12":{"loc":{"start":{"line":109,"column":31},"end":{"line":109,"column":null}},"type":"cond-expr","locations":[{"start":{"line":109,"column":47},"end":{"line":109,"column":71}},{"start":{"line":109,"column":71},"end":{"line":109,"column":null}}],"line":109},"13":{"loc":{"start":{"line":130,"column":31},"end":{"line":130,"column":null}},"type":"binary-expr","locations":[{"start":{"line":130,"column":31},"end":{"line":130,"column":53}},{"start":{"line":130,"column":53},"end":{"line":130,"column":null}}],"line":130},"14":{"loc":{"start":{"line":131,"column":30},"end":{"line":131,"column":null}},"type":"cond-expr","locations":[{"start":{"line":131,"column":45},"end":{"line":131,"column":74}},{"start":{"line":131,"column":74},"end":{"line":131,"column":null}}],"line":131},"15":{"loc":{"start":{"line":135,"column":18},"end":{"line":138,"column":null}},"type":"if","locations":[{"start":{"line":135,"column":18},"end":{"line":138,"column":null}},{"start":{"line":136,"column":23},"end":{"line":138,"column":null}}],"line":135},"16":{"loc":{"start":{"line":136,"column":23},"end":{"line":138,"column":null}},"type":"if","locations":[{"start":{"line":136,"column":23},"end":{"line":138,"column":null}},{"start":{"line":137,"column":23},"end":{"line":138,"column":null}}],"line":136},"17":{"loc":{"start":{"line":137,"column":23},"end":{"line":138,"column":null}},"type":"if","locations":[{"start":{"line":137,"column":23},"end":{"line":138,"column":null}},{"start":{"line":138,"column":23},"end":{"line":138,"column":null}}],"line":137},"18":{"loc":{"start":{"line":138,"column":23},"end":{"line":138,"column":null}},"type":"if","locations":[{"start":{"line":138,"column":23},"end":{"line":138,"column":null}},{"start":{},"end":{}}],"line":138},"19":{"loc":{"start":{"line":142,"column":37},"end":{"line":142,"column":null}},"type":"binary-expr","locations":[{"start":{"line":142,"column":37},"end":{"line":142,"column":45}},{"start":{"line":142,"column":45},"end":{"line":142,"column":null}}],"line":142},"20":{"loc":{"start":{"line":143,"column":37},"end":{"line":143,"column":null}},"type":"binary-expr","locations":[{"start":{"line":143,"column":37},"end":{"line":143,"column":46}},{"start":{"line":143,"column":46},"end":{"line":143,"column":60}},{"start":{"line":143,"column":60},"end":{"line":143,"column":null}}],"line":143},"21":{"loc":{"start":{"line":144,"column":23},"end":{"line":144,"column":null}},"type":"cond-expr","locations":[{"start":{"line":144,"column":34},"end":{"line":144,"column":39}},{"start":{"line":144,"column":39},"end":{"line":144,"column":null}}],"line":144},"22":{"loc":{"start":{"line":154,"column":13},"end":{"line":195,"column":null}},"type":"cond-expr","locations":[{"start":{"line":155,"column":14},"end":{"line":162,"column":null}},{"start":{"line":162,"column":16},"end":{"line":195,"column":null}}],"line":154},"23":{"loc":{"start":{"line":162,"column":16},"end":{"line":195,"column":null}},"type":"cond-expr","locations":[{"start":{"line":163,"column":14},"end":{"line":165,"column":15}},{"start":{"line":165,"column":14},"end":{"line":195,"column":null}}],"line":162},"24":{"loc":{"start":{"line":169,"column":17},"end":{"line":191,"column":null}},"type":"cond-expr","locations":[{"start":{"line":170,"column":18},"end":{"line":175,"column":19}},{"start":{"line":175,"column":18},"end":{"line":191,"column":null}}],"line":169},"25":{"loc":{"start":{"line":180,"column":45},"end":{"line":180,"column":null}},"type":"cond-expr","locations":[{"start":{"line":180,"column":60},"end":{"line":180,"column":70}},{"start":{"line":180,"column":70},"end":{"line":180,"column":null}}],"line":180},"26":{"loc":{"start":{"line":180,"column":70},"end":{"line":180,"column":null}},"type":"cond-expr","locations":[{"start":{"line":180,"column":78},"end":{"line":180,"column":92}},{"start":{"line":180,"column":92},"end":{"line":180,"column":null}}],"line":180},"27":{"loc":{"start":{"line":181,"column":41},"end":{"line":181,"column":null}},"type":"binary-expr","locations":[{"start":{"line":181,"column":41},"end":{"line":181,"column":56}},{"start":{"line":181,"column":56},"end":{"line":181,"column":null}}],"line":181},"28":{"loc":{"start":{"line":184,"column":29},"end":{"line":184,"column":null}},"type":"cond-expr","locations":[{"start":{"line":184,"column":43},"end":{"line":184,"column":53}},{"start":{"line":184,"column":53},"end":{"line":184,"column":null}}],"line":184},"29":{"loc":{"start":{"line":195,"column":13},"end":{"line":222,"column":null}},"type":"binary-expr","locations":[{"start":{"line":195,"column":13},"end":{"line":195,"column":null}},{"start":{"line":196,"column":14},"end":{"line":222,"column":null}}],"line":195},"30":{"loc":{"start":{"line":216,"column":28},"end":{"line":216,"column":null}},"type":"binary-expr","locations":[{"start":{"line":216,"column":28},"end":{"line":216,"column":48}},{"start":{"line":216,"column":48},"end":{"line":216,"column":null}}],"line":216},"31":{"loc":{"start":{"line":218,"column":19},"end":{"line":218,"column":null}},"type":"cond-expr","locations":[{"start":{"line":218,"column":32},"end":{"line":218,"column":55}},{"start":{"line":218,"column":55},"end":{"line":218,"column":null}}],"line":218}},"s":{"0":4,"1":4,"2":4,"3":4,"4":4,"5":140,"6":140,"7":140,"8":0,"9":4,"10":1,"11":0,"12":4,"13":4,"14":4,"15":4,"16":4,"17":4,"18":4,"19":4,"20":4,"21":4,"22":4,"23":4,"24":4,"25":2,"26":2,"27":2,"28":1,"29":2,"30":4,"31":3,"32":3,"33":0,"34":0,"35":0,"36":0,"37":0,"38":4,"39":0,"40":0,"41":0,"42":0,"43":0,"44":0,"45":0,"46":0,"47":0,"48":0,"49":0,"50":0,"51":0,"52":0,"53":4,"54":4,"55":4,"56":4,"57":2,"58":2,"59":0,"60":0,"61":0,"62":1,"63":0,"64":0,"65":0,"66":0,"67":14,"68":70,"69":70,"70":70,"71":70,"72":70,"73":70,"74":10,"75":60,"76":38,"77":22,"78":0,"79":22,"80":2,"81":70,"82":0,"83":0,"84":0,"85":0,"86":0},"f":{"0":4,"1":0,"2":4,"3":2,"4":2,"5":2,"6":3,"7":0,"8":0,"9":0,"10":0,"11":1,"12":0,"13":0,"14":0,"15":0,"16":14,"17":70,"18":0,"19":0,"20":0,"21":0},"b":{"0":[4,20],"1":[0,140],"2":[1,1],"3":[3,0],"4":[3,0],"5":[0,0],"6":[0,0,0],"7":[0,0],"8":[2,2],"9":[2,0],"10":[4,0],"11":[1,1],"12":[0,1],"13":[70,40],"14":[0,70],"15":[10,60],"16":[38,22],"17":[0,22],"18":[2,20],"19":[70,30],"20":[0,0,0],"21":[10,60],"22":[2,0],"23":[0,0],"24":[0,0],"25":[0,0],"26":[0,0],"27":[0,0],"28":[0,0],"29":[4,0],"30":[0,0],"31":[0,0]},"meta":{"lastBranch":32,"lastFunction":22,"lastStatement":87,"seen":{"f:14:9:14:23":0,"s:15:16:15:Infinity":0,"s:16:14:16:Infinity":1,"s:17:23:17:Infinity":2,"s:18:10:18:Infinity":3,"s:19:2:23:Infinity":4,"b:19:9:19:21:19:21:19:44":0,"s:20:4:20:Infinity":5,"s:21:4:21:Infinity":6,"b:22:4:22:Infinity:undefined:undefined:undefined:undefined":1,"s:22:4:22:Infinity":7,"s:22:26:22:Infinity":8,"s:24:2:24:Infinity":9,"s:27:6:28:Infinity":10,"f:27:6:27:17":1,"s:28:2:28:Infinity":11,"f:31:24:31:42":2,"s:32:30:32:Infinity":12,"s:33:32:33:Infinity":13,"s:34:28:34:Infinity":14,"s:35:42:35:Infinity":15,"s:36:28:36:Infinity":16,"s:37:42:37:Infinity":17,"s:38:34:38:Infinity":18,"s:39:44:39:Infinity":19,"s:40:42:40:Infinity":20,"s:41:38:41:Infinity":21,"s:42:32:42:Infinity":22,"s:43:28:43:Infinity":23,"s:45:2:50:Infinity":24,"f:45:2:45:18":3,"s:46:4:49:Infinity":25,"f:46:16:46:21":4,"s:47:6:47:Infinity":26,"b:48:6:48:Infinity:undefined:undefined:undefined:undefined":2,"s:48:6:48:Infinity":27,"s:48:27:48:Infinity":28,"f:49:7:49:21":5,"s:49:21:49:44":29,"s:52:2:59:Infinity":30,"f:52:2:52:18":6,"b:53:4:53:Infinity:undefined:undefined:undefined:undefined":3,"s:53:4:53:Infinity":31,"b:53:8:53:25:53:25:53:35":4,"s:53:35:53:Infinity":32,"s:54:4:54:Infinity":33,"s:55:4:55:Infinity":34,"s:56:4:58:Infinity":35,"f:57:22:57:34":7,"s:57:34:57:46":36,"f:58:7:58:21":8,"s:58:21:58:43":37,"s:62:23:75:Infinity":38,"f:62:23:62:35":9,"b:63:4:63:Infinity:undefined:undefined:undefined:undefined":5,"s:63:4:63:Infinity":39,"b:63:8:63:25:63:25:63:45:63:45:63:55":6,"s:63:55:63:Infinity":40,"s:64:4:64:25":41,"s:64:25:64:Infinity":42,"s:65:4:74:Infinity":43,"s:66:6:66:Infinity":44,"s:67:6:67:Infinity":45,"s:68:6:68:29":46,"s:68:29:68:52":47,"s:68:52:68:69":48,"s:68:69:68:Infinity":49,"s:70:16:70:Infinity":50,"s:71:6:71:Infinity":51,"b:71:15:71:42:71:42:71:69":7,"s:73:6:73:Infinity":52,"s:77:15:77:Infinity":53,"s:78:16:78:Infinity":54,"s:79:20:79:Infinity":55,"b:81:2:82:Infinity:undefined:undefined:undefined:undefined":8,"s:81:2:82:Infinity":56,"s:81:21:82:Infinity":57,"s:85:2:225:Infinity":58,"b:94:9:94:20:94:20:94:Infinity":9,"b:95:9:95:18:95:18:95:Infinity":10,"b:103:16:105:17:105:16:114:Infinity":11,"f:106:18:106:28":10,"s:106:35:106:63":59,"s:106:63:106:86":60,"s:106:86:106:100":61,"f:107:26:107:30":11,"s:108:20:110:Infinity":62,"b:109:47:109:71:109:71:109:Infinity":12,"f:119:18:119:33":12,"s:119:33:119:78":63,"f:119:33:119:42":13,"s:119:47:119:75":64,"f:122:18:122:33":14,"s:122:33:122:75":65,"f:122:33:122:42":15,"s:122:47:122:72":66,"f:126:27:126:31":16,"s:126:36:126:83":67,"f:127:22:127:27":17,"s:128:35:128:Infinity":68,"s:130:31:130:Infinity":69,"b:130:31:130:53:130:53:130:Infinity":13,"s:131:30:131:Infinity":70,"b:131:45:131:74:131:74:131:Infinity":14,"s:132:35:132:Infinity":71,"s:134:28:134:Infinity":72,"b:135:18:138:Infinity:136:23:138:Infinity":15,"s:135:18:138:Infinity":73,"s:135:32:135:Infinity":74,"b:136:23:138:Infinity:137:23:138:Infinity":16,"s:136:23:138:Infinity":75,"s:136:33:136:Infinity":76,"b:137:23:138:Infinity:138:23:138:Infinity":17,"s:137:23:138:Infinity":77,"s:137:32:137:Infinity":78,"b:138:23:138:Infinity:undefined:undefined:undefined:undefined":18,"s:138:23:138:Infinity":79,"s:138:37:138:Infinity":80,"s:140:18:145:Infinity":81,"b:142:37:142:45:142:45:142:Infinity":19,"f:143:22:143:37":18,"s:143:37:143:Infinity":82,"b:143:37:143:46:143:46:143:60:143:60:143:Infinity":20,"b:144:34:144:39:144:39:144:Infinity":21,"b:155:14:162:Infinity:162:16:195:Infinity":22,"b:163:14:165:15:165:14:195:Infinity":23,"b:170:18:175:19:175:18:191:Infinity":24,"f:176:27:176:32":19,"s:177:36:177:Infinity":83,"s:178:22:186:Infinity":84,"b:180:60:180:70:180:70:180:Infinity":25,"b:180:78:180:92:180:92:180:Infinity":26,"f:181:26:181:41":20,"s:181:41:181:Infinity":85,"b:181:41:181:56:181:56:181:Infinity":27,"b:184:43:184:53:184:53:184:Infinity":28,"b:195:13:195:Infinity:196:14:222:Infinity":29,"f:211:37:211:47":21,"s:211:52:211:81":86,"b:216:28:216:48:216:48:216:Infinity":30,"b:218:32:218:55:218:55:218:Infinity":31},"fnNames":{}}}
}
